0 info it worked if it ends with ok
1 verbose cli [ '/usr/bin/node',
1 verbose cli   '/usr/bin/npm',
1 verbose cli   'install',
1 verbose cli   '--save-dev',
1 verbose cli   'contrib-watch' ]
2 info using npm@1.4.28
3 info using node@v0.10.32
4 verbose node symlink /usr/bin/node
5 warn package.json sk-navidad@0.0.1 No repository field.
6 warn package.json sk-navidad@0.0.1 No README data
7 verbose readDependencies using package.json deps
8 verbose cache add [ 'contrib-watch', null ]
9 verbose cache add name=undefined spec="contrib-watch" args=["contrib-watch",null]
10 verbose parsed url { protocol: null,
10 verbose parsed url   slashes: null,
10 verbose parsed url   auth: null,
10 verbose parsed url   host: null,
10 verbose parsed url   port: null,
10 verbose parsed url   hostname: null,
10 verbose parsed url   hash: null,
10 verbose parsed url   search: null,
10 verbose parsed url   query: null,
10 verbose parsed url   pathname: 'contrib-watch',
10 verbose parsed url   path: 'contrib-watch',
10 verbose parsed url   href: 'contrib-watch' }
11 silly lockFile c44db79e-contrib-watch contrib-watch
12 verbose lock contrib-watch /root/.npm/c44db79e-contrib-watch.lock
13 silly lockFile c44db79e-contrib-watch contrib-watch
14 silly lockFile c44db79e-contrib-watch contrib-watch
15 verbose addNamed [ 'contrib-watch', '' ]
16 verbose addNamed [ null, '*' ]
17 silly lockFile aa206063-contrib-watch contrib-watch@
18 verbose lock contrib-watch@ /root/.npm/aa206063-contrib-watch.lock
19 silly addNameRange { name: 'contrib-watch', range: '*', hasData: false }
20 verbose request where is /contrib-watch
21 verbose request registry https://registry.npmjs.org/
22 verbose request id 09a77adf8bf26f26
23 verbose url raw /contrib-watch
24 verbose url resolving [ 'https://registry.npmjs.org/', './contrib-watch' ]
25 verbose url resolved https://registry.npmjs.org/contrib-watch
26 verbose request where is https://registry.npmjs.org/contrib-watch
27 info trying registry request attempt 1 at 16:02:16
28 http GET https://registry.npmjs.org/contrib-watch
29 http 404 https://registry.npmjs.org/contrib-watch
30 verbose headers { date: 'Fri, 10 Oct 2014 21:02:17 GMT',
30 verbose headers   server: 'CouchDB/1.5.0 (Erlang OTP/R16B03)',
30 verbose headers   'content-type': 'application/json',
30 verbose headers   'cache-control': 'max-age=0',
30 verbose headers   'content-length': '52',
30 verbose headers   'accept-ranges': 'bytes',
30 verbose headers   via: '1.1 varnish',
30 verbose headers   age: '0',
30 verbose headers   'x-served-by': 'cache-sjc3132-SJC',
30 verbose headers   'x-cache': 'MISS',
30 verbose headers   'x-cache-hits': '0',
30 verbose headers   'x-timer': 'S1412974937.254293,VS0,VE36',
30 verbose headers   'keep-alive': 'timeout=10, max=50',
30 verbose headers   connection: 'Keep-Alive' }
31 silly registry.get cb [ 404,
31 silly registry.get   { date: 'Fri, 10 Oct 2014 21:02:17 GMT',
31 silly registry.get     server: 'CouchDB/1.5.0 (Erlang OTP/R16B03)',
31 silly registry.get     'content-type': 'application/json',
31 silly registry.get     'cache-control': 'max-age=0',
31 silly registry.get     'content-length': '52',
31 silly registry.get     'accept-ranges': 'bytes',
31 silly registry.get     via: '1.1 varnish',
31 silly registry.get     age: '0',
31 silly registry.get     'x-served-by': 'cache-sjc3132-SJC',
31 silly registry.get     'x-cache': 'MISS',
31 silly registry.get     'x-cache-hits': '0',
31 silly registry.get     'x-timer': 'S1412974937.254293,VS0,VE36',
31 silly registry.get     'keep-alive': 'timeout=10, max=50',
31 silly registry.get     connection: 'Keep-Alive' } ]
32 silly lockFile aa206063-contrib-watch contrib-watch@
33 silly lockFile aa206063-contrib-watch contrib-watch@
34 error 404 404 Not Found: contrib-watch
34 error 404
34 error 404 'contrib-watch' is not in the npm registry.
34 error 404 You should bug the author to publish it
34 error 404 It was specified as a dependency of 'sk-navidad'
34 error 404
34 error 404 Note that you can also install from a
34 error 404 tarball, folder, or http url, or git url.
35 error System Linux 3.13.0-36-generic
36 error command "/usr/bin/node" "/usr/bin/npm" "install" "--save-dev" "contrib-watch"
37 error cwd /opt/lampp/htdocs/Dropbox/sknavidad/public/js
38 error node -v v0.10.32
39 error npm -v 1.4.28
40 error code E404
41 verbose exit [ 1, true ]
